<?xml version="1.0" encoding="UTF-8"?>
<!-- Generated by org.testng.reporters.JUnitReportReporter -->
<testsuite skipped="0" hostname="KPs-HP" name="com.bank.testsuite.BankTest" tests="2" failures="0" timestamp="2022-12-13T21:37:28 GMT" time="66.440" errors="0">
  <testcase name="customerShouldDepositMoneySuccessfully" time="32.743" classname="com.bank.testsuite.BankTest"/>
  <system-out>
    <![CDATA[Click on Bank Manager Login Button[[ChromeDriver: chrome on WINDOWS (e5d8d7749bf3422ac13c4accda9db2e4)] -> xpath: //button[contains(text(),'Bank Manager Login')]]
Click on Add Customer Button[[ChromeDriver: chrome on WINDOWS (e5d8d7749bf3422ac13c4accda9db2e4)] -> xpath: //body/div[3]/div[1]/div[2]/div[1]/div[1]/button[1]]
Send First Name [[ChromeDriver: chrome on WINDOWS (e5d8d7749bf3422ac13c4accda9db2e4)] -> xpath: //input[@placeholder='First Name']] To First Name Field[[ChromeDriver: chrome on WINDOWS (e5d8d7749bf3422ac13c4accda9db2e4)] -> xpath: //input[@placeholder='First Name']]
Send Last Name [[ChromeDriver: chrome on WINDOWS (e5d8d7749bf3422ac13c4accda9db2e4)] -> xpath: //input[@placeholder='Last Name']] To Last Name Field[[ChromeDriver: chrome on WINDOWS (e5d8d7749bf3422ac13c4accda9db2e4)] -> xpath: //input[@placeholder='Last Name']]
Send Postcode[[ChromeDriver: chrome on WINDOWS (e5d8d7749bf3422ac13c4accda9db2e4)] -> xpath: //input[@placeholder='Post Code']] To Postcode Field[[ChromeDriver: chrome on WINDOWS (e5d8d7749bf3422ac13c4accda9db2e4)] -> xpath: //input[@placeholder='Post Code']]
Click on Add Customer Button [[ChromeDriver: chrome on WINDOWS (e5d8d7749bf3422ac13c4accda9db2e4)] -> xpath: //button[@type='submit']]
Get Text From Popup : Customer added successfully with customer id :6
Accept Popup
Click on Home Button[[ChromeDriver: chrome on WINDOWS (e5d8d7749bf3422ac13c4accda9db2e4)] -> xpath: //button[contains(text(),'Home')]]
Click on Bank Manager Login Button [[ChromeDriver: chrome on WINDOWS (e5d8d7749bf3422ac13c4accda9db2e4)] -> xpath: //button[contains(text(),'Bank Manager Login')]]
Click on Open Account Button [[ChromeDriver: chrome on WINDOWS (e5d8d7749bf3422ac13c4accda9db2e4)] -> xpath: //button[@ng-click='openAccount()']]
Search Customer : Jethalal Gada
Select Currency : Pound
Click on Process Button
Get Text From Popup : Account created successfully with account Number :1016
Accept Popup
Click on Home Button[[ChromeDriver: chrome on WINDOWS (e5d8d7749bf3422ac13c4accda9db2e4)] -> xpath: //button[contains(text(),'Home')]]
Click on Customer Login Button [[ChromeDriver: chrome on WINDOWS (e5d8d7749bf3422ac13c4accda9db2e4)] -> xpath: //button[contains(text(),'Customer Login')]]
Select Customer from dropdown menu
Click on Login Button [[ChromeDriver: chrome on WINDOWS (e5d8d7749bf3422ac13c4accda9db2e4)] -> xpath: //button[contains(text(),'Login')]]
To Verify Logout Button 
Click on Logout Button[[ChromeDriver: chrome on WINDOWS (e5d8d7749bf3422ac13c4accda9db2e4)] -> xpath: //button[contains(text(),'Logout')]]
To Verify Message  Your Name
To obtain actual Message  Your Name :
Click on Home Button[[ChromeDriver: chrome on WINDOWS (e5d8d7749bf3422ac13c4accda9db2e4)] -> xpath: //button[contains(text(),'Home')]]
Click on Customer Login Button [[ChromeDriver: chrome on WINDOWS (e5d8d7749bf3422ac13c4accda9db2e4)] -> xpath: //button[contains(text(),'Customer Login')]]
Select Customer from dropdown menu
Click on Login Button [[ChromeDriver: chrome on WINDOWS (e5d8d7749bf3422ac13c4accda9db2e4)] -> xpath: //button[contains(text(),'Login')]]
Click on Deposit Tab[[ChromeDriver: chrome on WINDOWS (e5d8d7749bf3422ac13c4accda9db2e4)] -> xpath: //button[normalize-space()='Deposit']]
Enter 100 Amount to Amount Field[[ChromeDriver: chrome on WINDOWS (e5d8d7749bf3422ac13c4accda9db2e4)] -> xpath: //input[@placeholder='amount']]
Click on Deposit Button[[ChromeDriver: chrome on WINDOWS (e5d8d7749bf3422ac13c4accda9db2e4)] -> xpath: //button[@type='submit']]
To Verify Message  Deposit Successful
To obtain actual Message  Deposit Successful]]>
  </system-out>
  <testcase name="customerShouldLoginAndLogoutSuceessfully" time="33.697" classname="com.bank.testsuite.BankTest"/>
  <system-out>
    <![CDATA[Click on Bank Manager Login Button[[ChromeDriver: chrome on WINDOWS (99ed338b45f0e61266f30905d9a2c64c)] -> xpath: //button[contains(text(),'Bank Manager Login')]]
Click on Add Customer Button[[ChromeDriver: chrome on WINDOWS (99ed338b45f0e61266f30905d9a2c64c)] -> xpath: //body/div[3]/div[1]/div[2]/div[1]/div[1]/button[1]]
Send First Name [[ChromeDriver: chrome on WINDOWS (99ed338b45f0e61266f30905d9a2c64c)] -> xpath: //input[@placeholder='First Name']] To First Name Field[[ChromeDriver: chrome on WINDOWS (99ed338b45f0e61266f30905d9a2c64c)] -> xpath: //input[@placeholder='First Name']]
Send Last Name [[ChromeDriver: chrome on WINDOWS (99ed338b45f0e61266f30905d9a2c64c)] -> xpath: //input[@placeholder='Last Name']] To Last Name Field[[ChromeDriver: chrome on WINDOWS (99ed338b45f0e61266f30905d9a2c64c)] -> xpath: //input[@placeholder='Last Name']]
Send Postcode[[ChromeDriver: chrome on WINDOWS (99ed338b45f0e61266f30905d9a2c64c)] -> xpath: //input[@placeholder='Post Code']] To Postcode Field[[ChromeDriver: chrome on WINDOWS (99ed338b45f0e61266f30905d9a2c64c)] -> xpath: //input[@placeholder='Post Code']]
Click on Add Customer Button [[ChromeDriver: chrome on WINDOWS (99ed338b45f0e61266f30905d9a2c64c)] -> xpath: //button[@type='submit']]
Get Text From Popup : Customer added successfully with customer id :6
Accept Popup
Click on Home Button[[ChromeDriver: chrome on WINDOWS (99ed338b45f0e61266f30905d9a2c64c)] -> xpath: //button[contains(text(),'Home')]]
Click on Bank Manager Login Button [[ChromeDriver: chrome on WINDOWS (99ed338b45f0e61266f30905d9a2c64c)] -> xpath: //button[contains(text(),'Bank Manager Login')]]
Click on Open Account Button [[ChromeDriver: chrome on WINDOWS (99ed338b45f0e61266f30905d9a2c64c)] -> xpath: //button[@ng-click='openAccount()']]
Search Customer : Jethalal Gada
Select Currency : Pound
Click on Process Button
Get Text From Popup : Account created successfully with account Number :1016
Accept Popup
Click on Home Button[[ChromeDriver: chrome on WINDOWS (99ed338b45f0e61266f30905d9a2c64c)] -> xpath: //button[contains(text(),'Home')]]
Click on Customer Login Button [[ChromeDriver: chrome on WINDOWS (99ed338b45f0e61266f30905d9a2c64c)] -> xpath: //button[contains(text(),'Customer Login')]]
Select Customer from dropdown menu
Click on Login Button [[ChromeDriver: chrome on WINDOWS (99ed338b45f0e61266f30905d9a2c64c)] -> xpath: //button[contains(text(),'Login')]]
To Verify Logout Button 
Click on Logout Button[[ChromeDriver: chrome on WINDOWS (99ed338b45f0e61266f30905d9a2c64c)] -> xpath: //button[contains(text(),'Logout')]]
To Verify Message  Your Name
To obtain actual Message  Your Name :
Click on Home Button[[ChromeDriver: chrome on WINDOWS (99ed338b45f0e61266f30905d9a2c64c)] -> xpath: //button[contains(text(),'Home')]]]]>
  </system-out>
</testsuite> <!-- com.bank.testsuite.BankTest -->
